<?xml version="1.0" encoding="UTF-8"?>
<!-- Generated by org.testng.reporters.JUnitReportReporter -->
<testsuite hostname="XELPHYD-4JCNGP2-5050" failures="0" tests="1" name="driver.driver" time="4.739" errors="0" timestamp="2023-11-09T15:00:24 IST" skipped="0">
  <testcase classname="driver.driver" name="login" time="4.739"/>
</testsuite> <!-- driver.driver -->
